<?xml version="1.0" encoding="UTF-8"?>
<!-- Generated by org.testng.reporters.JUnitReportReporter -->
<testsuite hostname="Manu" failures="0" tests="1" name="com.Buildvest.Staff.StaffTestng" time="12.805" errors="0" timestamp="2022-08-23T14:45:38 IST" skipped="0">
  <testcase classname="com.Buildvest.Staff.StaffTestng" name="verifyAccountInApprovePendingAccountTest" time="12.805"/>
  <system-out/>
</testsuite> <!-- com.Buildvest.Staff.StaffTestng -->
